[debug] [2018-10-07T17:04:16.676Z] ----------------------------------------------------------------------
[debug] [2018-10-07T17:04:16.676Z] Command:       C:\Program Files\nodejs\node.exe C:\Users\Thariya\AppData\Roaming\npm\node_modules\firebase-tools\bin\firebase serve
[debug] [2018-10-07T17:04:16.676Z] CLI Version:   5.0.1
[debug] [2018-10-07T17:04:16.676Z] Platform:      win32
[debug] [2018-10-07T17:04:16.676Z] Node Version:  v8.11.4
[debug] [2018-10-07T17:04:16.676Z] Time:          Sun Oct 07 2018 22:34:16 GMT+0530 (Sri Lanka Standard Time)
[debug] [2018-10-07T17:04:16.676Z] ----------------------------------------------------------------------
[debug] 
[debug] [2018-10-07T17:04:16.676Z] > command requires scopes: ["email","openid","https://www.googleapis.com/auth/cloudplatformprojects.readonly","https://www.googleapis.com/auth/firebase","https://www.googleapis.com/auth/cloud-platform"]
[debug] [2018-10-07T17:04:16.691Z] > authorizing via signed-in user
[debug] [2018-10-07T17:04:16.691Z] [iam] checking project easybodimak for permissions ["firebase.projects.get"]
[debug] [2018-10-07T17:04:16.691Z] >>> HTTP REQUEST POST https://cloudresourcemanager.googleapis.com/v1/projects/easybodimak:testIamPermissions  

[debug] [2018-10-07T17:04:18.886Z] <<< HTTP RESPONSE 200
[debug] [2018-10-07T17:04:18.886Z] >>> HTTP REQUEST GET https://cloudresourcemanager.googleapis.com/v1/projects/easybodimak  
 
[debug] [2018-10-07T17:04:20.711Z] <<< HTTP RESPONSE 200
[info] 
[info] === Serving from 'E:\Educational\React\3rd Semester Final\EasyBodimak.lk'...
[info] 
[debug] [2018-10-07T17:04:22.461Z] TypeError: Path must be a string. Received undefined
    at assertPath (path.js:28:11)
    at Object.join (path.js:489:7)
    at FunctionsEmulator.start (C:\Users\Thariya\AppData\Roaming\npm\node_modules\firebase-tools\lib\functionsEmulator.js:95:27)
    at Object.start (C:\Users\Thariya\AppData\Roaming\npm\node_modules\firebase-tools\lib\serve\functions.js:9:29)
    at C:\Users\Thariya\AppData\Roaming\npm\node_modules\firebase-tools\lib\serve\index.js:17:21
    at arrayMap (C:\Users\Thariya\AppData\Roaming\npm\node_modules\firebase-tools\node_modules\lodash\lodash.js:639:23)
    at Function.map (C:\Users\Thariya\AppData\Roaming\npm\node_modules\firebase-tools\node_modules\lodash\lodash.js:9556:14)
    at _serve (C:\Users\Thariya\AppData\Roaming\npm\node_modules\firebase-tools\lib\serve\index.js:15:7)
    at Command._action (C:\Users\Thariya\AppData\Roaming\npm\node_modules\firebase-tools\commands\serve.js:47:12)
    at C:\Users\Thariya\AppData\Roaming\npm\node_modules\firebase-tools\lib\command.js:202:29
[error] 
[error] Error: An unexpected error has occurred.
[debug] [2018-10-07T17:04:47.466Z] ----------------------------------------------------------------------
[debug] [2018-10-07T17:04:47.466Z] Command:       C:\Program Files\nodejs\node.exe C:\Users\Thariya\AppData\Roaming\npm\node_modules\firebase-tools\bin\firebase deploy
[debug] [2018-10-07T17:04:47.466Z] CLI Version:   5.0.1
[debug] [2018-10-07T17:04:47.466Z] Platform:      win32
[debug] [2018-10-07T17:04:47.466Z] Node Version:  v8.11.4
[debug] [2018-10-07T17:04:47.466Z] Time:          Sun Oct 07 2018 22:34:47 GMT+0530 (Sri Lanka Standard Time)
[debug] [2018-10-07T17:04:47.466Z] ----------------------------------------------------------------------
[debug] 
[debug] [2018-10-07T17:04:47.466Z] > command requires scopes: ["email","openid","https://www.googleapis.com/auth/cloudplatformprojects.readonly","https://www.googleapis.com/auth/firebase","https://www.googleapis.com/auth/cloud-platform"]
[debug] [2018-10-07T17:04:47.466Z] > authorizing via signed-in user
[debug] [2018-10-07T17:04:47.466Z] [iam] checking project easybodimak for permissions ["cloudfunctions.functions.create","cloudfunctions.functions.delete","cloudfunctions.functions.get","cloudfunctions.functions.list","cloudfunctions.functions.update","cloudfunctions.operations.get","datastore.indexes.create","datastore.indexes.delete","datastore.indexes.list","datastore.indexes.update","firebase.projects.get","firebasedatabase.instances.update","firebasehosting.sites.update"]
[debug] [2018-10-07T17:04:47.481Z] >>> HTTP REQUEST POST https://cloudresourcemanager.googleapis.com/v1/projects/easybodimak:testIamPermissions  

[debug] [2018-10-07T17:04:49.606Z] <<< HTTP RESPONSE 200
[debug] [2018-10-07T17:04:49.606Z] >>> HTTP REQUEST GET https://admin.firebase.com/v1/projects/easybodimak  
 
[debug] [2018-10-07T17:04:51.136Z] <<< HTTP RESPONSE 200
[info] 
[info] === Deploying to 'easybodimak'...
[info] 
[info] i  deploying database, firestore, functions, hosting
[debug] [2018-10-07T17:04:53.290Z] TypeError: Path must be a string. Received undefined
    at assertPath (path.js:28:11)
    at Object.join (path.js:489:7)
    at Config.path (C:\Users\Thariya\AppData\Roaming\npm\node_modules\firebase-tools\lib\config.js:166:37)
    at C:\Users\Thariya\AppData\Roaming\npm\node_modules\firebase-tools\lib\deploy\lifecycleHooks.js:68:38
    at _chain (C:\Users\Thariya\AppData\Roaming\npm\node_modules\firebase-tools\lib\deploy\index.js:26:38)
    at C:\Users\Thariya\AppData\Roaming\npm\node_modules\firebase-tools\lib\deploy\index.js:29:14
    at <anonymous>
    at process._tickDomainCallback (internal/process/next_tick.js:228:7)
[error] 
[error] Error: An unexpected error has occurred.
[debug] [2018-10-07T17:05:51.005Z] ----------------------------------------------------------------------
[debug] [2018-10-07T17:05:51.005Z] Command:       C:\Program Files\nodejs\node.exe C:\Users\Thariya\AppData\Roaming\npm\node_modules\firebase-tools\bin\firebase deploy
[debug] [2018-10-07T17:05:51.005Z] CLI Version:   5.0.1
[debug] [2018-10-07T17:05:51.005Z] Platform:      win32
[debug] [2018-10-07T17:05:51.005Z] Node Version:  v8.11.4
[debug] [2018-10-07T17:05:51.005Z] Time:          Sun Oct 07 2018 22:35:51 GMT+0530 (Sri Lanka Standard Time)
[debug] [2018-10-07T17:05:51.005Z] ----------------------------------------------------------------------
[debug] 
[debug] [2018-10-07T17:05:51.021Z] > command requires scopes: ["email","openid","https://www.googleapis.com/auth/cloudplatformprojects.readonly","https://www.googleapis.com/auth/firebase","https://www.googleapis.com/auth/cloud-platform"]
[debug] [2018-10-07T17:05:51.021Z] > authorizing via signed-in user
[debug] [2018-10-07T17:05:51.021Z] [iam] checking project easybodimak for permissions ["cloudfunctions.functions.create","cloudfunctions.functions.delete","cloudfunctions.functions.get","cloudfunctions.functions.list","cloudfunctions.functions.update","cloudfunctions.operations.get","datastore.indexes.create","datastore.indexes.delete","datastore.indexes.list","datastore.indexes.update","firebase.projects.get","firebasedatabase.instances.update","firebasehosting.sites.update"]
[debug] [2018-10-07T17:05:51.021Z] >>> HTTP REQUEST POST https://cloudresourcemanager.googleapis.com/v1/projects/easybodimak:testIamPermissions  

[debug] [2018-10-07T17:05:54.617Z] <<< HTTP RESPONSE 200
[debug] [2018-10-07T17:05:54.617Z] >>> HTTP REQUEST GET https://admin.firebase.com/v1/projects/easybodimak  
 
[debug] [2018-10-07T17:05:56.368Z] <<< HTTP RESPONSE 200
[info] 
[info] === Deploying to 'easybodimak'...
[info] 
[info] i  deploying database, firestore, functions, hosting
[debug] [2018-10-07T17:05:57.808Z] TypeError: Path must be a string. Received undefined
    at assertPath (path.js:28:11)
    at Object.join (path.js:489:7)
    at Config.path (C:\Users\Thariya\AppData\Roaming\npm\node_modules\firebase-tools\lib\config.js:166:37)
    at C:\Users\Thariya\AppData\Roaming\npm\node_modules\firebase-tools\lib\deploy\lifecycleHooks.js:68:38
    at _chain (C:\Users\Thariya\AppData\Roaming\npm\node_modules\firebase-tools\lib\deploy\index.js:26:38)
    at C:\Users\Thariya\AppData\Roaming\npm\node_modules\firebase-tools\lib\deploy\index.js:29:14
    at <anonymous>
    at process._tickDomainCallback (internal/process/next_tick.js:228:7)
[error] 
[error] Error: An unexpected error has occurred.
[debug] [2018-10-07T17:06:25.211Z] ----------------------------------------------------------------------
[debug] [2018-10-07T17:06:25.211Z] Command:       C:\Program Files\nodejs\node.exe C:\Users\Thariya\AppData\Roaming\npm\node_modules\firebase-tools\bin\firebase serve
[debug] [2018-10-07T17:06:25.211Z] CLI Version:   5.0.1
[debug] [2018-10-07T17:06:25.211Z] Platform:      win32
[debug] [2018-10-07T17:06:25.211Z] Node Version:  v8.11.4
[debug] [2018-10-07T17:06:25.211Z] Time:          Sun Oct 07 2018 22:36:25 GMT+0530 (Sri Lanka Standard Time)
[debug] [2018-10-07T17:06:25.211Z] ----------------------------------------------------------------------
[debug] 
[debug] [2018-10-07T17:06:25.211Z] > command requires scopes: ["email","openid","https://www.googleapis.com/auth/cloudplatformprojects.readonly","https://www.googleapis.com/auth/firebase","https://www.googleapis.com/auth/cloud-platform"]
[debug] [2018-10-07T17:06:25.211Z] > authorizing via signed-in user
[debug] [2018-10-07T17:06:25.211Z] [iam] checking project easybodimak for permissions ["firebase.projects.get"]
[debug] [2018-10-07T17:06:25.226Z] >>> HTTP REQUEST POST https://cloudresourcemanager.googleapis.com/v1/projects/easybodimak:testIamPermissions  

[debug] [2018-10-07T17:06:27.396Z] <<< HTTP RESPONSE 200
[debug] [2018-10-07T17:06:27.396Z] >>> HTTP REQUEST GET https://cloudresourcemanager.googleapis.com/v1/projects/easybodimak  
 
[debug] [2018-10-07T17:06:29.136Z] <<< HTTP RESPONSE 200
[info] 
[info] === Serving from 'E:\Educational\React\3rd Semester Final\EasyBodimak.lk'...
[info] 
[debug] [2018-10-07T17:06:30.573Z] TypeError: Path must be a string. Received undefined
    at assertPath (path.js:28:11)
    at Object.join (path.js:489:7)
    at FunctionsEmulator.start (C:\Users\Thariya\AppData\Roaming\npm\node_modules\firebase-tools\lib\functionsEmulator.js:95:27)
    at Object.start (C:\Users\Thariya\AppData\Roaming\npm\node_modules\firebase-tools\lib\serve\functions.js:9:29)
    at C:\Users\Thariya\AppData\Roaming\npm\node_modules\firebase-tools\lib\serve\index.js:17:21
    at arrayMap (C:\Users\Thariya\AppData\Roaming\npm\node_modules\firebase-tools\node_modules\lodash\lodash.js:639:23)
    at Function.map (C:\Users\Thariya\AppData\Roaming\npm\node_modules\firebase-tools\node_modules\lodash\lodash.js:9556:14)
    at _serve (C:\Users\Thariya\AppData\Roaming\npm\node_modules\firebase-tools\lib\serve\index.js:15:7)
    at Command._action (C:\Users\Thariya\AppData\Roaming\npm\node_modules\firebase-tools\commands\serve.js:47:12)
    at C:\Users\Thariya\AppData\Roaming\npm\node_modules\firebase-tools\lib\command.js:202:29
[error] 
[error] Error: An unexpected error has occurred.
